<?xml version="1.0" encoding="UTF-8"?>
<testsuite xmlns:xsi="http://www.w3.org/2001/XMLSchema-instance" xsi:noNamespaceSchemaLocation="https://maven.apache.org/surefire/maven-surefire-plugin/xsd/surefire-test-report-3.0.xsd" version="3.0" name="com.igrowker.donatello.DonatelloApplicationTests" time="16.065" tests="1" errors="0" skipped="0" failures="0">
  <properties>
[...]
</properties>
  <testcase name="contextLoads" classname="com.igrowker.donatello.DonatelloApplicationTests" time="0.625">
    <system-out><![CDATA[21:42:55.627 [main] INFO org.springframework.test.context.support.AnnotationConfigContextLoaderUtils -- Could not detect default configuration classes for test class [com.igrowker.donatello.DonatelloApplicationTests]: DonatelloApplicationTests does not declare any static, non-private, non-final, nested classes annotated with @Configuration.
21:42:55.745 [main] INFO org.springframework.boot.test.context.SpringBootTestContextBootstrapper -- Found @SpringBootConfiguration com.igrowker.donatello.DonatelloApplication for test class com.igrowker.donatello.DonatelloApplicationTests

  .   ____          _            __ _ _
 /\\ / ___'_ __ _ _(_)_ __  __ _ \ \ \ \
( ( )\___ | '_ | '_| | '_ \/ _` | \ \ \ \
 \\/  ___)| |_)| | | | | || (_| |  ) ) ) )
  '  |____| .__|_| |_|_| |_\__, | / / / /
 =========|_|==============|___/=/_/_/_/

 :: Spring Boot ::                (v3.3.1)

2024-07-09T21:42:56.224-03:00  INFO 25628 --- [donatello] [           main] c.i.donatello.DonatelloApplicationTests  : Starting DonatelloApplicationTests using Java 17.0.10 with PID 25628 (started by DavidC in C:\Users\DavidC\Desktop\Igrowker\i002-donatello-back-java\donatello)
2024-07-09T21:42:56.226-03:00  INFO 25628 --- [donatello] [           main] c.i.donatello.DonatelloApplicationTests  : The following 1 profile is active: "prod"
2024-07-09T21:42:57.353-03:00  INFO 25628 --- [donatello] [           main] .s.d.r.c.RepositoryConfigurationDelegate : Bootstrapping Spring Data JPA repositories in DEFAULT mode.
2024-07-09T21:42:57.463-03:00  INFO 25628 --- [donatello] [           main] .s.d.r.c.RepositoryConfigurationDelegate : Finished Spring Data repository scanning in 101 ms. Found 5 JPA repository interfaces.
2024-07-09T21:42:57.974-03:00  INFO 25628 --- [donatello] [           main] o.hibernate.jpa.internal.util.LogHelper  : HHH000204: Processing PersistenceUnitInfo [name: default]
2024-07-09T21:42:58.049-03:00  INFO 25628 --- [donatello] [           main] org.hibernate.Version                    : HHH000412: Hibernate ORM core version 6.5.2.Final
2024-07-09T21:42:58.106-03:00  INFO 25628 --- [donatello] [           main] o.h.c.internal.RegionFactoryInitiator    : HHH000026: Second-level cache disabled
2024-07-09T21:42:58.567-03:00  INFO 25628 --- [donatello] [           main] o.s.o.j.p.SpringPersistenceUnitInfo      : No LoadTimeWeaver setup: ignoring JPA class transformer
2024-07-09T21:42:58.602-03:00  INFO 25628 --- [donatello] [           main] com.zaxxer.hikari.HikariDataSource       : HikariPool-1 - Starting...
2024-07-09T21:43:03.307-03:00  INFO 25628 --- [donatello] [           main] com.zaxxer.hikari.pool.HikariPool        : HikariPool-1 - Added connection org.postgresql.jdbc.PgConnection@45c423b3
2024-07-09T21:43:03.309-03:00  INFO 25628 --- [donatello] [           main] com.zaxxer.hikari.HikariDataSource       : HikariPool-1 - Start completed.
2024-07-09T21:43:03.584-03:00  WARN 25628 --- [donatello] [           main] org.hibernate.orm.deprecation            : HHH90000025: PostgreSQLDialect does not need to be specified explicitly using 'hibernate.dialect' (remove the property setting and it will be selected by default)
2024-07-09T21:43:05.214-03:00  INFO 25628 --- [donatello] [           main] o.h.e.t.j.p.i.JtaPlatformInitiator       : HHH000489: No JTA platform available (set 'hibernate.transaction.jta.platform' to enable JTA platform integration)
2024-07-09T21:43:09.181-03:00  INFO 25628 --- [donatello] [           main] j.LocalContainerEntityManagerFactoryBean : Initialized JPA EntityManagerFactory for persistence unit 'default'
2024-07-09T21:43:09.608-03:00  INFO 25628 --- [donatello] [           main] eAuthenticationProviderManagerConfigurer : Global AuthenticationManager configured with AuthenticationProvider bean with name authenticationProvider
2024-07-09T21:43:09.610-03:00  WARN 25628 --- [donatello] [           main] r$InitializeUserDetailsManagerConfigurer : Global AuthenticationManager configured with an AuthenticationProvider bean. UserDetailsService beans will not be used for username/password login. Consider removing the AuthenticationProvider bean. Alternatively, consider using the UserDetailsService in a manually instantiated DaoAuthenticationProvider.
2024-07-09T21:43:09.640-03:00  INFO 25628 --- [donatello] [           main] o.s.d.j.r.query.QueryEnhancerFactory     : Hibernate is in classpath; If applicable, HQL parser will be used.
2024-07-09T21:43:10.137-03:00  WARN 25628 --- [donatello] [           main] JpaBaseConfiguration$JpaWebConfiguration : spring.jpa.open-in-view is enabled by default. Therefore, database queries may be performed during view rendering. Explicitly configure spring.jpa.open-in-view to disable this warning
2024-07-09T21:43:10.876-03:00  INFO 25628 --- [donatello] [           main] c.i.donatello.DonatelloApplicationTests  : Started DonatelloApplicationTests in 14.952 seconds (process running for 15.924)
]]></system-out>
  </testcase>
</testsuite>